Build started 13/10/2017 17:59:58.
     1>Project "D:\study\ucsp\seminario-tesis-vs\EstructuraGeneralizada\EstructuraGeneralizada\EstructuraGeneralizada.vcxproj" on node 2 (Build target(s)).
     1>ClCompile:
         C:\Program Files (x86)\Microsoft Visual Studio 14.0\VC\bin\x86_amd64\CL.exe /c /ZI /nologo /W3 /WX- /sdl /Od /D _MBCS /Gm /EHsc /RTC1 /MDd /GS /fp:precise /Zc:wchar_t /Zc:forScope /Zc:inline /Fo"x64\Debug\\" /Fd"x64\Debug\vc140.pdb" /Gd /TP /errorReport:prompt CGraphIterator2D.cpp CGraphIterator3D.cpp CGraphIteratorND.cpp main.cpp
         main.cpp
     1>d:\study\ucsp\seminario-tesis-vs\estructurageneralizada\estructurageneralizada\capputils.h(48): warning C4267: '=': conversion from 'size_t' to 'int', possible loss of data
     1>d:\study\ucsp\seminario-tesis-vs\estructurageneralizada\estructurageneralizada\capputils.h(76): warning C4267: '=': conversion from 'size_t' to 'int', possible loss of data
     1>d:\study\ucsp\seminario-tesis-vs\estructurageneralizada\estructurageneralizada\ccolor.h(79): warning C4244: 'initializing': conversion from 'const int' to 'float', possible loss of data
     1>d:\study\ucsp\seminario-tesis-vs\estructurageneralizada\estructurageneralizada\ccolor.h(80): warning C4244: 'initializing': conversion from 'const int' to 'float', possible loss of data
     1>d:\study\ucsp\seminario-tesis-vs\estructurageneralizada\estructurageneralizada\ccolor.h(101): warning C4244: 'return': conversion from 'float' to 'int', possible loss of data
     1>d:\study\ucsp\seminario-tesis-vs\estructurageneralizada\estructurageneralizada\ccolor.h(106): warning C4244: 'argument': conversion from 'time_t' to 'unsigned int', possible loss of data
     1>d:\study\ucsp\seminario-tesis-vs\estructurageneralizada\estructurageneralizada\cimage.h(29): warning C4267: '=': conversion from 'size_t' to 'int', possible loss of data
     1>d:\study\ucsp\seminario-tesis-vs\estructurageneralizada\estructurageneralizada\cimage.h(105): warning C4244: '=': conversion from 'double' to 'CImage::IType', possible loss of data
     1>d:\study\ucsp\seminario-tesis-vs\estructurageneralizada\estructurageneralizada\cimage.h(122): warning C4244: '=': conversion from 'double' to 'CImage::IType', possible loss of data
     1>d:\study\ucsp\seminario-tesis-vs\estructurageneralizada\estructurageneralizada\cgraphimage3d.h(204): warning C4267: '=': conversion from 'size_t' to 'int', possible loss of data
     1>d:\study\ucsp\seminario-tesis-vs\estructurageneralizada\estructurageneralizada\cgraphimage3d.h(226): warning C4101: 'b': unreferenced local variable
     1>d:\study\ucsp\seminario-tesis-vs\estructurageneralizada\estructurageneralizada\cgraphimage3d.h(226): warning C4101: 'g': unreferenced local variable
     1>d:\study\ucsp\seminario-tesis-vs\estructurageneralizada\estructurageneralizada\cgraphmeshnd.h(186): warning C4244: 'return': conversion from 'float' to 'int', possible loss of data
     1>d:\study\ucsp\seminario-tesis-vs\estructurageneralizada\estructurageneralizada\cgraphutils.h(364): warning C4101: 'main_region_color': unreferenced local variable
     1>d:\study\ucsp\seminario-tesis-vs\estructurageneralizada\estructurageneralizada\cgraphutils.h(409): warning C4101: 'main_region_color': unreferenced local variable
     1>d:\study\ucsp\seminario-tesis-vs\estructurageneralizada\estructurageneralizada\cgraphutils.h(466): warning C4244: '=': conversion from 'double' to 'float', possible loss of data
     1>d:\study\ucsp\seminario-tesis-vs\estructurageneralizada\estructurageneralizada\main.cpp(22): warning C4476: 'printf' : unknown type field character '&' in format specifier
     1>d:\study\ucsp\seminario-tesis-vs\estructurageneralizada\estructurageneralizada\main.cpp(22): warning C4474: 'printf' : too many arguments passed for format string
         d:\study\ucsp\seminario-tesis-vs\estructurageneralizada\estructurageneralizada\main.cpp(22): note: placeholders and their parameters expect 0 variadic arguments, but 1 were provided
     1>d:\study\ucsp\seminario-tesis-vs\estructurageneralizada\estructurageneralizada\cimg.h(17415): warning C4319: '~': zero extending 'unsigned long' to 'double' of greater size
         d:\study\ucsp\seminario-tesis-vs\estructurageneralizada\estructurageneralizada\cimg.h(17414): note: while compiling class template member function 'double cimg_library::CImg<float>::_cimg_math_parser::mp_bitwise_not(void)'
         d:\study\ucsp\seminario-tesis-vs\estructurageneralizada\estructurageneralizada\cimg.h(17812): note: see reference to function template instantiation 'double cimg_library::CImg<float>::_cimg_math_parser::mp_bitwise_not(void)' being compiled
         d:\study\ucsp\seminario-tesis-vs\estructurageneralizada\estructurageneralizada\cimg.h(19333): note: see reference to class template instantiation 'cimg_library::CImg<float>::_cimg_math_parser' being compiled
         d:\study\ucsp\seminario-tesis-vs\estructurageneralizada\estructurageneralizada\cimg.h(19329): note: while compiling class template member function 'double cimg_library::CImg<float>::eval(const char *const ,const double,const double,const double,const double) const'
         d:\study\ucsp\seminario-tesis-vs\estructurageneralizada\estructurageneralizada\cimg.h(58600): note: see reference to function template instantiation 'double cimg_library::CImg<float>::eval(const char *const ,const double,const double,const double,const double) const' being compiled
         d:\study\ucsp\seminario-tesis-vs\estructurageneralizada\estructurageneralizada\cimg.h(58599): note: see reference to class template instantiation 'cimg_library::CImg<float>' being compiled
     1>d:\study\ucsp\seminario-tesis-vs\estructurageneralizada\estructurageneralizada\cimg.h(20971): warning C4267: 'argument': conversion from 'size_t' to 'const unsigned int', possible loss of data
         d:\study\ucsp\seminario-tesis-vs\estructurageneralizada\estructurageneralizada\cimg.h(20969): note: while compiling class template member function 'cimg_library::CImg<char> cimg_library::CImg<char>::string(const char *const ,const bool)'
         d:\study\ucsp\seminario-tesis-vs\estructurageneralizada\estructurageneralizada\cimg.h(48670): note: see reference to function template instantiation 'cimg_library::CImg<char> cimg_library::CImg<char>::string(const char *const ,const bool)' being compiled
         d:\study\ucsp\seminario-tesis-vs\estructurageneralizada\estructurageneralizada\cimg.h(16731): note: see reference to class template instantiation 'cimg_library::CImg<char>' being compiled
     1>d:\study\ucsp\seminario-tesis-vs\estructurageneralizada\estructurageneralizada\cimg.h(23667): warning C4244: 'argument': conversion from '__int64' to 'const unsigned int', possible loss of data
         d:\study\ucsp\seminario-tesis-vs\estructurageneralizada\estructurageneralizada\cimg.h(23660): note: while compiling class template member function 'cimg_library::CImg<char> &cimg_library::CImg<char>::_system_strescape(void)'
         d:\study\ucsp\seminario-tesis-vs\estructurageneralizada\estructurageneralizada\cimg.h(48359): note: see reference to function template instantiation 'cimg_library::CImg<char> &cimg_library::CImg<char>::_system_strescape(void)' being compiled
     1>d:\study\ucsp\seminario-tesis-vs\estructurageneralizada\estructurageneralizada\cimg.h(23667): warning C4267: 'argument': conversion from 'size_t' to 'const unsigned int', possible loss of data
     1>d:\study\ucsp\seminario-tesis-vs\estructurageneralizada\estructurageneralizada\cimg.h(23668): warning C4244: 'argument': conversion from '__int64' to 'const unsigned int', possible loss of data
     1>d:\study\ucsp\seminario-tesis-vs\estructurageneralizada\estructurageneralizada\cimg.h(23668): warning C4267: 'argument': conversion from 'size_t' to 'const unsigned int', possible loss of data
     1>d:\study\ucsp\seminario-tesis-vs\estructurageneralizada\estructurageneralizada\cimg.h(23669): warning C4244: 'argument': conversion from '__int64' to 'const unsigned int', possible loss of data
     1>d:\study\ucsp\seminario-tesis-vs\estructurageneralizada\estructurageneralizada\cimg.h(23669): warning C4267: 'argument': conversion from 'size_t' to 'const unsigned int', possible loss of data
     1>d:\study\ucsp\seminario-tesis-vs\estructurageneralizada\estructurageneralizada\cimg.h(23670): warning C4244: 'argument': conversion from '__int64' to 'const unsigned int', possible loss of data
     1>d:\study\ucsp\seminario-tesis-vs\estructurageneralizada\estructurageneralizada\cimg.h(23670): warning C4267: 'argument': conversion from 'size_t' to 'const unsigned int', possible loss of data
     1>d:\study\ucsp\seminario-tesis-vs\estructurageneralizada\estructurageneralizada\cimg.h(23671): warning C4244: 'argument': conversion from '__int64' to 'const unsigned int', possible loss of data
     1>d:\study\ucsp\seminario-tesis-vs\estructurageneralizada\estructurageneralizada\cimg.h(23671): warning C4267: 'argument': conversion from 'size_t' to 'const unsigned int', possible loss of data
     1>d:\study\ucsp\seminario-tesis-vs\estructurageneralizada\estructurageneralizada\cimg.h(23673): warning C4244: 'argument': conversion from '__int64' to 'const unsigned int', possible loss of data
     1>d:\study\ucsp\seminario-tesis-vs\estructurageneralizada\estructurageneralizada\csegmentator.h(209): warning C4244: 'argument': conversion from 'float' to 'unsigned int', possible loss of data
         d:\study\ucsp\seminario-tesis-vs\estructurageneralizada\estructurageneralizada\csegmentator.h(182): note: while compiling class template member function 'void CSegmentator<CGraphImage2D>::group_neighbor_regions(void)'
         d:\study\ucsp\seminario-tesis-vs\estructurageneralizada\estructurageneralizada\testimesh.h(65): note: see reference to function template instantiation 'void CSegmentator<CGraphImage2D>::group_neighbor_regions(void)' being compiled
         d:\study\ucsp\seminario-tesis-vs\estructurageneralizada\estructurageneralizada\testimesh.h(31): note: see reference to class template instantiation 'CSegmentator<CGraphImage2D>' being compiled
     1>d:\study\ucsp\seminario-tesis-vs\estructurageneralizada\estructurageneralizada\csegmentator.h(214): warning C4244: 'argument': conversion from 'float' to 'unsigned int', possible loss of data
     1>d:\study\ucsp\seminario-tesis-vs\estructurageneralizada\estructurageneralizada\cmeshregion.h(81): warning C4244: '=': conversion from 'double' to 'float', possible loss of data
         d:\study\ucsp\seminario-tesis-vs\estructurageneralizada\estructurageneralizada\cmeshregion.h(77): note: while compiling class template member function 'void CMeshRegion<CGraphImage2D>::Set_Distance(int,int)'
         d:\study\ucsp\seminario-tesis-vs\estructurageneralizada\estructurageneralizada\csegmentator.h(175): note: see reference to function template instantiation 'void CMeshRegion<CGraphImage2D>::Set_Distance(int,int)' being compiled
         d:\study\ucsp\seminario-tesis-vs\estructurageneralizada\estructurageneralizada\cmeshregion.h(132): note: while compiling class template member function 'CMeshRegion<CGraphImage2D>::~CMeshRegion(void)'
         d:\study\ucsp\seminario-tesis-vs\estructurageneralizada\estructurageneralizada\cgraphutils.h(299): note: see reference to class template instantiation 'CMeshRegion<CGraphImage2D>' being compiled
     1>d:\study\ucsp\seminario-tesis-vs\estructurageneralizada\estructurageneralizada\mindistancesset.h(87): warning C4267: '=': conversion from 'size_t' to 'int', possible loss of data
         d:\study\ucsp\seminario-tesis-vs\estructurageneralizada\estructurageneralizada\mindistancesset.h(84): note: while compiling class template member function 'CMinDistancesSet<CMeshRegion<CGraphImage2D>>::~CMinDistancesSet(void)'
         d:\study\ucsp\seminario-tesis-vs\estructurageneralizada\estructurageneralizada\csegmentator.h(241): note: see reference to function template instantiation 'CMinDistancesSet<CMeshRegion<CGraphImage2D>>::~CMinDistancesSet(void)' being compiled
         d:\study\ucsp\seminario-tesis-vs\estructurageneralizada\estructurageneralizada\csegmentator.h(241): note: see reference to class template instantiation 'CMinDistancesSet<CMeshRegion<CGraphImage2D>>' being compiled
         d:\study\ucsp\seminario-tesis-vs\estructurageneralizada\estructurageneralizada\csegmentator.h(239): note: while compiling class template member function 'void CSegmentator<CGraphImage2D>::group_similar_regions(void)'
         d:\study\ucsp\seminario-tesis-vs\estructurageneralizada\estructurageneralizada\testimesh.h(74): note: see reference to function template instantiation 'void CSegmentator<CGraphImage2D>::group_similar_regions(void)' being compiled
     1>d:\study\ucsp\seminario-tesis-vs\estructurageneralizada\estructurageneralizada\mindistancesset.h(104): warning C4267: '=': conversion from 'size_t' to 'int', possible loss of data
         d:\study\ucsp\seminario-tesis-vs\estructurageneralizada\estructurageneralizada\mindistancesset.h(102): note: while compiling class template member function 'void CMinDistancesSet<CMeshRegion<CGraphImage2D>>::Init(std::vector<CMeshRegion<CGraphImage2D> *,std::allocator<_Ty>> *)'
                 with
                 [
                     _Ty=CMeshRegion<CGraphImage2D> *
                 ]
         d:\study\ucsp\seminario-tesis-vs\estructurageneralizada\estructurageneralizada\csegmentator.h(249): note: see reference to function template instantiation 'void CMinDistancesSet<CMeshRegion<CGraphImage2D>>::Init(std::vector<CMeshRegion<CGraphImage2D> *,std::allocator<_Ty>> *)' being compiled
                 with
                 [
                     _Ty=CMeshRegion<CGraphImage2D> *
                 ]
     1>d:\study\ucsp\seminario-tesis-vs\estructurageneralizada\estructurageneralizada\mindistancesset.h(152): warning C4267: '=': conversion from 'size_t' to 'int', possible loss of data
         d:\study\ucsp\seminario-tesis-vs\estructurageneralizada\estructurageneralizada\mindistancesset.h(143): note: while compiling class template member function 'int CMinDistancesSet<CMeshRegion<CGraphImage2D>>::UpdtLessDistPair(void)'
         d:\study\ucsp\seminario-tesis-vs\estructurageneralizada\estructurageneralizada\csegmentator.h(255): note: see reference to function template instantiation 'int CMinDistancesSet<CMeshRegion<CGraphImage2D>>::UpdtLessDistPair(void)' being compiled
     1>d:\study\ucsp\seminario-tesis-vs\estructurageneralizada\estructurageneralizada\mindistancesset.h(205): warning C4267: '=': conversion from 'size_t' to 'int', possible loss of data
         d:\study\ucsp\seminario-tesis-vs\estructurageneralizada\estructurageneralizada\mindistancesset.h(194): note: while compiling class template member function 'void CMinDistancesSet<CMeshRegion<CGraphImage2D>>::Erase(int,int)'
         d:\study\ucsp\seminario-tesis-vs\estructurageneralizada\estructurageneralizada\mindistancesset.h(92): note: see reference to function template instantiation 'void CMinDistancesSet<CMeshRegion<CGraphImage2D>>::Erase(int,int)' being compiled
         d:\study\ucsp\seminario-tesis-vs\estructurageneralizada\estructurageneralizada\mindistancesset.h(76): note: while compiling class template member function 'CMinDistancesSet<CMeshRegion<CGraphImage2D>>::CMinDistancesSet(void)'
         d:\study\ucsp\seminario-tesis-vs\estructurageneralizada\estructurageneralizada\csegmentator.h(241): note: see reference to function template instantiation 'CMinDistancesSet<CMeshRegion<CGraphImage2D>>::CMinDistancesSet(void)' being compiled
     1>d:\study\ucsp\seminario-tesis-vs\estructurageneralizada\estructurageneralizada\mindistancesset.h(207): warning C4267: '=': conversion from 'size_t' to 'int', possible loss of data
         CGraphIteratorND.cpp
     1>d:\study\ucsp\seminario-tesis-vs\estructurageneralizada\estructurageneralizada\capputils.h(48): warning C4267: '=': conversion from 'size_t' to 'int', possible loss of data
     1>d:\study\ucsp\seminario-tesis-vs\estructurageneralizada\estructurageneralizada\capputils.h(76): warning C4267: '=': conversion from 'size_t' to 'int', possible loss of data
     1>d:\study\ucsp\seminario-tesis-vs\estructurageneralizada\estructurageneralizada\ccolor.h(79): warning C4244: 'initializing': conversion from 'const int' to 'float', possible loss of data
     1>d:\study\ucsp\seminario-tesis-vs\estructurageneralizada\estructurageneralizada\ccolor.h(80): warning C4244: 'initializing': conversion from 'const int' to 'float', possible loss of data
     1>d:\study\ucsp\seminario-tesis-vs\estructurageneralizada\estructurageneralizada\ccolor.h(101): warning C4244: 'return': conversion from 'float' to 'int', possible loss of data
     1>d:\study\ucsp\seminario-tesis-vs\estructurageneralizada\estructurageneralizada\ccolor.h(106): warning C4244: 'argument': conversion from 'time_t' to 'unsigned int', possible loss of data
     1>d:\study\ucsp\seminario-tesis-vs\estructurageneralizada\estructurageneralizada\cimage.h(29): warning C4267: '=': conversion from 'size_t' to 'int', possible loss of data
     1>d:\study\ucsp\seminario-tesis-vs\estructurageneralizada\estructurageneralizada\cimage.h(105): warning C4244: '=': conversion from 'double' to 'CImage::IType', possible loss of data
     1>d:\study\ucsp\seminario-tesis-vs\estructurageneralizada\estructurageneralizada\cimage.h(122): warning C4244: '=': conversion from 'double' to 'CImage::IType', possible loss of data
     1>d:\study\ucsp\seminario-tesis-vs\estructurageneralizada\estructurageneralizada\cgraphiteratornd.cpp(42): error C2027: use of undefined type 'CGraphMeshND'
         d:\study\ucsp\seminario-tesis-vs\estructurageneralizada\estructurageneralizada\cgraphiteratornd.h(17): note: see declaration of 'CGraphMeshND'
     1>d:\study\ucsp\seminario-tesis-vs\estructurageneralizada\estructurageneralizada\cgraphiteratornd.cpp(42): error C2227: left of '->m_nodes' must point to class/struct/union/generic type
     1>d:\study\ucsp\seminario-tesis-vs\estructurageneralizada\estructurageneralizada\cgraphiteratornd.cpp(47): error C2027: use of undefined type 'CGraphMeshND'
         d:\study\ucsp\seminario-tesis-vs\estructurageneralizada\estructurageneralizada\cgraphiteratornd.h(17): note: see declaration of 'CGraphMeshND'
     1>d:\study\ucsp\seminario-tesis-vs\estructurageneralizada\estructurageneralizada\cgraphiteratornd.cpp(47): error C2227: left of '->m_nodes' must point to class/struct/union/generic type
     1>d:\study\ucsp\seminario-tesis-vs\estructurageneralizada\estructurageneralizada\cgraphiteratornd.cpp(53): error C2027: use of undefined type 'CGraphMeshND'
         d:\study\ucsp\seminario-tesis-vs\estructurageneralizada\estructurageneralizada\cgraphiteratornd.h(17): note: see declaration of 'CGraphMeshND'
     1>d:\study\ucsp\seminario-tesis-vs\estructurageneralizada\estructurageneralizada\cgraphiteratornd.cpp(53): error C2227: left of '->m_nodes' must point to class/struct/union/generic type
     1>d:\study\ucsp\seminario-tesis-vs\estructurageneralizada\estructurageneralizada\cgraphiteratornd.cpp(53): error C2228: left of '.m_data' must have class/struct/union
     1>d:\study\ucsp\seminario-tesis-vs\estructurageneralizada\estructurageneralizada\cgraphiteratornd.cpp(58): error C2027: use of undefined type 'CGraphMeshND'
         d:\study\ucsp\seminario-tesis-vs\estructurageneralizada\estructurageneralizada\cgraphiteratornd.h(17): note: see declaration of 'CGraphMeshND'
     1>d:\study\ucsp\seminario-tesis-vs\estructurageneralizada\estructurageneralizada\cgraphiteratornd.cpp(58): error C2227: left of '->m_nodes' must point to class/struct/union/generic type
     1>d:\study\ucsp\seminario-tesis-vs\estructurageneralizada\estructurageneralizada\cgraphiteratornd.cpp(58): error C2065: 'iter': undeclared identifier
     1>d:\study\ucsp\seminario-tesis-vs\estructurageneralizada\estructurageneralizada\cgraphiteratornd.cpp(58): error C2228: left of '.m_index' must have class/struct/union
         d:\study\ucsp\seminario-tesis-vs\estructurageneralizada\estructurageneralizada\cgraphiteratornd.cpp(58): note: type is 'unknown-type'
     1>d:\study\ucsp\seminario-tesis-vs\estructurageneralizada\estructurageneralizada\cgraphiteratornd.cpp(58): error C2228: left of '.m_data' must have class/struct/union
     1>d:\study\ucsp\seminario-tesis-vs\estructurageneralizada\estructurageneralizada\cgraphiteratornd.cpp(63): error C2027: use of undefined type 'CGraphMeshND'
         d:\study\ucsp\seminario-tesis-vs\estructurageneralizada\estructurageneralizada\cgraphiteratornd.h(17): note: see declaration of 'CGraphMeshND'
     1>d:\study\ucsp\seminario-tesis-vs\estructurageneralizada\estructurageneralizada\cgraphiteratornd.cpp(63): error C2227: left of '->m_nodes' must point to class/struct/union/generic type
     1>d:\study\ucsp\seminario-tesis-vs\estructurageneralizada\estructurageneralizada\cgraphiteratornd.cpp(63): error C2228: left of '.m_area' must have class/struct/union
     1>d:\study\ucsp\seminario-tesis-vs\estructurageneralizada\estructurageneralizada\cgraphiteratornd.cpp(68): error C2027: use of undefined type 'CGraphMeshND'
         d:\study\ucsp\seminario-tesis-vs\estructurageneralizada\estructurageneralizada\cgraphiteratornd.h(17): note: see declaration of 'CGraphMeshND'
     1>d:\study\ucsp\seminario-tesis-vs\estructurageneralizada\estructurageneralizada\cgraphiteratornd.cpp(68): error C2227: left of '->m_size' must point to class/struct/union/generic type
     1>d:\study\ucsp\seminario-tesis-vs\estructurageneralizada\estructurageneralizada\cgraphiteratornd.cpp(79): error C2027: use of undefined type 'CGraphMeshND'
         d:\study\ucsp\seminario-tesis-vs\estructurageneralizada\estructurageneralizada\cgraphiteratornd.h(17): note: see declaration of 'CGraphMeshND'
     1>d:\study\ucsp\seminario-tesis-vs\estructurageneralizada\estructurageneralizada\cgraphiteratornd.cpp(79): error C2227: left of '->m_nodes' must point to class/struct/union/generic type
         d:\study\ucsp\seminario-tesis-vs\estructurageneralizada\estructurageneralizada\cgraphiteratornd.h(17): note: see declaration of 'CGraphMeshND'
     1>d:\study\ucsp\seminario-tesis-vs\estructurageneralizada\estructurageneralizada\cgraphiteratornd.cpp(79): error C2227: left of '->m_adj_list' must point to class/struct/union/generic type
     1>d:\study\ucsp\seminario-tesis-vs\estructurageneralizada\estructurageneralizada\cgraphiteratornd.cpp(86): error C2027: use of undefined type 'CGraphMeshND'
         d:\study\ucsp\seminario-tesis-vs\estructurageneralizada\estructurageneralizada\cgraphiteratornd.h(17): note: see declaration of 'CGraphMeshND'
     1>d:\study\ucsp\seminario-tesis-vs\estructurageneralizada\estructurageneralizada\cgraphiteratornd.cpp(86): error C2227: left of '->m_adj_list' must point to class/struct/union/generic type
         CGraphIterator3D.cpp
     1>d:\study\ucsp\seminario-tesis-vs\estructurageneralizada\estructurageneralizada\capputils.h(48): warning C4267: '=': conversion from 'size_t' to 'int', possible loss of data
     1>d:\study\ucsp\seminario-tesis-vs\estructurageneralizada\estructurageneralizada\capputils.h(76): warning C4267: '=': conversion from 'size_t' to 'int', possible loss of data
     1>d:\study\ucsp\seminario-tesis-vs\estructurageneralizada\estructurageneralizada\ccolor.h(79): warning C4244: 'initializing': conversion from 'const int' to 'float', possible loss of data
     1>d:\study\ucsp\seminario-tesis-vs\estructurageneralizada\estructurageneralizada\ccolor.h(80): warning C4244: 'initializing': conversion from 'const int' to 'float', possible loss of data
     1>d:\study\ucsp\seminario-tesis-vs\estructurageneralizada\estructurageneralizada\ccolor.h(101): warning C4244: 'return': conversion from 'float' to 'int', possible loss of data
     1>d:\study\ucsp\seminario-tesis-vs\estructurageneralizada\estructurageneralizada\ccolor.h(106): warning C4244: 'argument': conversion from 'time_t' to 'unsigned int', possible loss of data
     1>d:\study\ucsp\seminario-tesis-vs\estructurageneralizada\estructurageneralizada\cimage.h(29): warning C4267: '=': conversion from 'size_t' to 'int', possible loss of data
     1>d:\study\ucsp\seminario-tesis-vs\estructurageneralizada\estructurageneralizada\cimage.h(105): warning C4244: '=': conversion from 'double' to 'CImage::IType', possible loss of data
     1>d:\study\ucsp\seminario-tesis-vs\estructurageneralizada\estructurageneralizada\cimage.h(122): warning C4244: '=': conversion from 'double' to 'CImage::IType', possible loss of data
     1>d:\study\ucsp\seminario-tesis-vs\estructurageneralizada\estructurageneralizada\cgraphiterator3d.cpp(68): error C2027: use of undefined type 'CGraphImage3D'
         d:\study\ucsp\seminario-tesis-vs\estructurageneralizada\estructurageneralizada\cgraphiterator3d.h(26): note: see declaration of 'CGraphImage3D'
     1>d:\study\ucsp\seminario-tesis-vs\estructurageneralizada\estructurageneralizada\cgraphiterator3d.cpp(68): error C2227: left of '->m_labeled_matriz' must point to class/struct/union/generic type
     1>d:\study\ucsp\seminario-tesis-vs\estructurageneralizada\estructurageneralizada\cgraphiterator3d.cpp(73): error C2027: use of undefined type 'CGraphImage3D'
         d:\study\ucsp\seminario-tesis-vs\estructurageneralizada\estructurageneralizada\cgraphiterator3d.h(26): note: see declaration of 'CGraphImage3D'
     1>d:\study\ucsp\seminario-tesis-vs\estructurageneralizada\estructurageneralizada\cgraphiterator3d.cpp(73): error C2227: left of '->m_labeled_matriz' must point to class/struct/union/generic type
     1>d:\study\ucsp\seminario-tesis-vs\estructurageneralizada\estructurageneralizada\cgraphiterator3d.cpp(104): error C2027: use of undefined type 'CGraphImage3D'
         d:\study\ucsp\seminario-tesis-vs\estructurageneralizada\estructurageneralizada\cgraphiterator3d.h(26): note: see declaration of 'CGraphImage3D'
     1>d:\study\ucsp\seminario-tesis-vs\estructurageneralizada\estructurageneralizada\cgraphiterator3d.cpp(104): error C2227: left of '->get_pixel' must point to class/struct/union/generic type
     1>d:\study\ucsp\seminario-tesis-vs\estructurageneralizada\estructurageneralizada\cgraphiterator3d.cpp(109): error C2027: use of undefined type 'CGraphImage3D'
         d:\study\ucsp\seminario-tesis-vs\estructurageneralizada\estructurageneralizada\cgraphiterator3d.h(26): note: see declaration of 'CGraphImage3D'
     1>d:\study\ucsp\seminario-tesis-vs\estructurageneralizada\estructurageneralizada\cgraphiterator3d.cpp(109): error C2227: left of '->m_labeled_matriz' must point to class/struct/union/generic type
     1>d:\study\ucsp\seminario-tesis-vs\estructurageneralizada\estructurageneralizada\cgraphiterator3d.cpp(109): error C2228: left of '.m_area' must have class/struct/union
     1>d:\study\ucsp\seminario-tesis-vs\estructurageneralizada\estructurageneralizada\cgraphiterator3d.cpp(114): error C2027: use of undefined type 'CGraphImage3D'
         d:\study\ucsp\seminario-tesis-vs\estructurageneralizada\estructurageneralizada\cgraphiterator3d.h(26): note: see declaration of 'CGraphImage3D'
     1>d:\study\ucsp\seminario-tesis-vs\estructurageneralizada\estructurageneralizada\cgraphiterator3d.cpp(114): error C2227: left of '->set_pixel' must point to class/struct/union/generic type
         CGraphIterator2D.cpp
     1>d:\study\ucsp\seminario-tesis-vs\estructurageneralizada\estructurageneralizada\capputils.h(48): warning C4267: '=': conversion from 'size_t' to 'int', possible loss of data
     1>d:\study\ucsp\seminario-tesis-vs\estructurageneralizada\estructurageneralizada\capputils.h(76): warning C4267: '=': conversion from 'size_t' to 'int', possible loss of data
     1>d:\study\ucsp\seminario-tesis-vs\estructurageneralizada\estructurageneralizada\ccolor.h(79): warning C4244: 'initializing': conversion from 'const int' to 'float', possible loss of data
     1>d:\study\ucsp\seminario-tesis-vs\estructurageneralizada\estructurageneralizada\ccolor.h(80): warning C4244: 'initializing': conversion from 'const int' to 'float', possible loss of data
     1>d:\study\ucsp\seminario-tesis-vs\estructurageneralizada\estructurageneralizada\ccolor.h(101): warning C4244: 'return': conversion from 'float' to 'int', possible loss of data
     1>d:\study\ucsp\seminario-tesis-vs\estructurageneralizada\estructurageneralizada\ccolor.h(106): warning C4244: 'argument': conversion from 'time_t' to 'unsigned int', possible loss of data
     1>d:\study\ucsp\seminario-tesis-vs\estructurageneralizada\estructurageneralizada\cimage.h(29): warning C4267: '=': conversion from 'size_t' to 'int', possible loss of data
     1>d:\study\ucsp\seminario-tesis-vs\estructurageneralizada\estructurageneralizada\cimage.h(105): warning C4244: '=': conversion from 'double' to 'CImage::IType', possible loss of data
     1>d:\study\ucsp\seminario-tesis-vs\estructurageneralizada\estructurageneralizada\cimage.h(122): warning C4244: '=': conversion from 'double' to 'CImage::IType', possible loss of data
     1>d:\study\ucsp\seminario-tesis-vs\estructurageneralizada\estructurageneralizada\cgraphiterator2d.cpp(66): error C2027: use of undefined type 'CGraphImage2D'
         d:\study\ucsp\seminario-tesis-vs\estructurageneralizada\estructurageneralizada\cgraphiterator2d.h(24): note: see declaration of 'CGraphImage2D'
     1>d:\study\ucsp\seminario-tesis-vs\estructurageneralizada\estructurageneralizada\cgraphiterator2d.cpp(66): error C2227: left of '->m_labeled_matriz' must point to class/struct/union/generic type
     1>d:\study\ucsp\seminario-tesis-vs\estructurageneralizada\estructurageneralizada\cgraphiterator2d.cpp(72): error C2027: use of undefined type 'CGraphImage2D'
         d:\study\ucsp\seminario-tesis-vs\estructurageneralizada\estructurageneralizada\cgraphiterator2d.h(24): note: see declaration of 'CGraphImage2D'
     1>d:\study\ucsp\seminario-tesis-vs\estructurageneralizada\estructurageneralizada\cgraphiterator2d.cpp(72): error C2227: left of '->m_labeled_matriz' must point to class/struct/union/generic type
     1>d:\study\ucsp\seminario-tesis-vs\estructurageneralizada\estructurageneralizada\cgraphiterator2d.cpp(103): error C2027: use of undefined type 'CGraphImage2D'
         d:\study\ucsp\seminario-tesis-vs\estructurageneralizada\estructurageneralizada\cgraphiterator2d.h(24): note: see declaration of 'CGraphImage2D'
     1>d:\study\ucsp\seminario-tesis-vs\estructurageneralizada\estructurageneralizada\cgraphiterator2d.cpp(103): error C2227: left of '->get_pixel' must point to class/struct/union/generic type
     1>d:\study\ucsp\seminario-tesis-vs\estructurageneralizada\estructurageneralizada\cgraphiterator2d.cpp(109): error C2027: use of undefined type 'CGraphImage2D'
         d:\study\ucsp\seminario-tesis-vs\estructurageneralizada\estructurageneralizada\cgraphiterator2d.h(24): note: see declaration of 'CGraphImage2D'
     1>d:\study\ucsp\seminario-tesis-vs\estructurageneralizada\estructurageneralizada\cgraphiterator2d.cpp(109): error C2227: left of '->m_labeled_matriz' must point to class/struct/union/generic type
     1>d:\study\ucsp\seminario-tesis-vs\estructurageneralizada\estructurageneralizada\cgraphiterator2d.cpp(109): error C2228: left of '.m_area' must have class/struct/union
     1>d:\study\ucsp\seminario-tesis-vs\estructurageneralizada\estructurageneralizada\cgraphiterator2d.cpp(115): error C2027: use of undefined type 'CGraphImage2D'
         d:\study\ucsp\seminario-tesis-vs\estructurageneralizada\estructurageneralizada\cgraphiterator2d.h(24): note: see declaration of 'CGraphImage2D'
     1>d:\study\ucsp\seminario-tesis-vs\estructurageneralizada\estructurageneralizada\cgraphiterator2d.cpp(115): error C2227: left of '->set_pixel' must point to class/struct/union/generic type
         Generating Code...
     1>d:\study\ucsp\seminario-tesis-vs\estructurageneralizada\estructurageneralizada\cimage.h(166): error C4700: uninitialized local variable 'g' used
     1>d:\study\ucsp\seminario-tesis-vs\estructurageneralizada\estructurageneralizada\cimage.h(168): error C4700: uninitialized local variable 'b' used
     1>Done Building Project "D:\study\ucsp\seminario-tesis-vs\EstructuraGeneralizada\EstructuraGeneralizada\EstructuraGeneralizada.vcxproj" (Build target(s)) -- FAILED.

Build FAILED.

Time Elapsed 00:00:11.19
