Build started 13/10/2017 16:12:02.
     1>Project "D:\study\ucsp\seminario-tesis-vs\EstructuraGeneralizada\EstructuraGeneralizada\EstructuraGeneralizada.vcxproj" on node 2 (Build target(s)).
     1>ClCompile:
         C:\Program Files (x86)\Microsoft Visual Studio 14.0\VC\bin\x86_amd64\CL.exe /c /Zi /nologo /W3 /WX- /sdl /O2 /Oi /GL /D _MBCS /Gm- /EHsc /MD /GS /Gy /fp:precise /Zc:wchar_t /Zc:forScope /Zc:inline /Fo"x64\Release\\" /Fd"x64\Release\vc140.pdb" /Gd /TP /errorReport:prompt main.cpp
         main.cpp
     1>d:\study\ucsp\seminario-tesis-vs\estructurageneralizada\estructurageneralizada\CAppUtils.h(48): warning C4267: '=': conversion from 'size_t' to 'int', possible loss of data
     1>d:\study\ucsp\seminario-tesis-vs\estructurageneralizada\estructurageneralizada\CAppUtils.h(76): warning C4267: '=': conversion from 'size_t' to 'int', possible loss of data
     1>d:\study\ucsp\seminario-tesis-vs\estructurageneralizada\estructurageneralizada\CColor.h(79): warning C4244: 'initializing': conversion from 'const int' to 'float', possible loss of data
     1>d:\study\ucsp\seminario-tesis-vs\estructurageneralizada\estructurageneralizada\CColor.h(80): warning C4244: 'initializing': conversion from 'const int' to 'float', possible loss of data
     1>d:\study\ucsp\seminario-tesis-vs\estructurageneralizada\estructurageneralizada\CColor.h(101): warning C4244: 'return': conversion from 'float' to 'int', possible loss of data
     1>d:\study\ucsp\seminario-tesis-vs\estructurageneralizada\estructurageneralizada\CColor.h(106): warning C4244: 'argument': conversion from 'time_t' to 'unsigned int', possible loss of data
     1>d:\study\ucsp\seminario-tesis-vs\estructurageneralizada\estructurageneralizada\CImage.h(29): warning C4267: '=': conversion from 'size_t' to 'int', possible loss of data
     1>d:\study\ucsp\seminario-tesis-vs\estructurageneralizada\estructurageneralizada\CImage.h(105): warning C4244: '=': conversion from 'double' to 'CImage::IType', possible loss of data
     1>d:\study\ucsp\seminario-tesis-vs\estructurageneralizada\estructurageneralizada\CImage.h(122): warning C4244: '=': conversion from 'double' to 'CImage::IType', possible loss of data
     1>d:\study\ucsp\seminario-tesis-vs\estructurageneralizada\estructurageneralizada\CGraphIterator3D.h(148): error C2027: use of undefined type 'CGraphImage3D'
         d:\study\ucsp\seminario-tesis-vs\estructurageneralizada\estructurageneralizada\CGraphIterator3D.h(26): note: see declaration of 'CGraphImage3D'
     1>d:\study\ucsp\seminario-tesis-vs\estructurageneralizada\estructurageneralizada\CGraphIterator3D.h(148): error C2227: left of '->m_labeled_matriz' must point to class/struct/union/generic type
     1>d:\study\ucsp\seminario-tesis-vs\estructurageneralizada\estructurageneralizada\CGraphIterator3D.h(153): error C2027: use of undefined type 'CGraphImage3D'
         d:\study\ucsp\seminario-tesis-vs\estructurageneralizada\estructurageneralizada\CGraphIterator3D.h(26): note: see declaration of 'CGraphImage3D'
     1>d:\study\ucsp\seminario-tesis-vs\estructurageneralizada\estructurageneralizada\CGraphIterator3D.h(153): error C2227: left of '->m_labeled_matriz' must point to class/struct/union/generic type
     1>d:\study\ucsp\seminario-tesis-vs\estructurageneralizada\estructurageneralizada\CGraphIterator3D.h(184): error C2027: use of undefined type 'CGraphImage3D'
         d:\study\ucsp\seminario-tesis-vs\estructurageneralizada\estructurageneralizada\CGraphIterator3D.h(26): note: see declaration of 'CGraphImage3D'
     1>d:\study\ucsp\seminario-tesis-vs\estructurageneralizada\estructurageneralizada\CGraphIterator3D.h(184): error C2227: left of '->get_pixel' must point to class/struct/union/generic type
     1>d:\study\ucsp\seminario-tesis-vs\estructurageneralizada\estructurageneralizada\CGraphIterator3D.h(189): error C2027: use of undefined type 'CGraphImage3D'
         d:\study\ucsp\seminario-tesis-vs\estructurageneralizada\estructurageneralizada\CGraphIterator3D.h(26): note: see declaration of 'CGraphImage3D'
     1>d:\study\ucsp\seminario-tesis-vs\estructurageneralizada\estructurageneralizada\CGraphIterator3D.h(189): error C2227: left of '->m_labeled_matriz' must point to class/struct/union/generic type
     1>d:\study\ucsp\seminario-tesis-vs\estructurageneralizada\estructurageneralizada\CGraphIterator3D.h(189): error C2228: left of '.m_area' must have class/struct/union
     1>d:\study\ucsp\seminario-tesis-vs\estructurageneralizada\estructurageneralizada\CGraphIterator3D.h(194): error C2027: use of undefined type 'CGraphImage3D'
         d:\study\ucsp\seminario-tesis-vs\estructurageneralizada\estructurageneralizada\CGraphIterator3D.h(26): note: see declaration of 'CGraphImage3D'
     1>d:\study\ucsp\seminario-tesis-vs\estructurageneralizada\estructurageneralizada\CGraphIterator3D.h(194): error C2227: left of '->set_pixel' must point to class/struct/union/generic type
     1>d:\study\ucsp\seminario-tesis-vs\estructurageneralizada\estructurageneralizada\CGraphImage3D.h(204): warning C4267: '=': conversion from 'size_t' to 'int', possible loss of data
     1>d:\study\ucsp\seminario-tesis-vs\estructurageneralizada\estructurageneralizada\CGraphIterator2D.h(149): error C2027: use of undefined type 'CGraphImage2D'
         d:\study\ucsp\seminario-tesis-vs\estructurageneralizada\estructurageneralizada\CGraphIterator2D.h(25): note: see declaration of 'CGraphImage2D'
     1>d:\study\ucsp\seminario-tesis-vs\estructurageneralizada\estructurageneralizada\CGraphIterator2D.h(149): error C2227: left of '->m_labeled_matriz' must point to class/struct/union/generic type
     1>d:\study\ucsp\seminario-tesis-vs\estructurageneralizada\estructurageneralizada\CGraphIterator2D.h(155): error C2027: use of undefined type 'CGraphImage2D'
         d:\study\ucsp\seminario-tesis-vs\estructurageneralizada\estructurageneralizada\CGraphIterator2D.h(25): note: see declaration of 'CGraphImage2D'
     1>d:\study\ucsp\seminario-tesis-vs\estructurageneralizada\estructurageneralizada\CGraphIterator2D.h(155): error C2227: left of '->m_labeled_matriz' must point to class/struct/union/generic type
     1>d:\study\ucsp\seminario-tesis-vs\estructurageneralizada\estructurageneralizada\CGraphIterator2D.h(186): error C2027: use of undefined type 'CGraphImage2D'
         d:\study\ucsp\seminario-tesis-vs\estructurageneralizada\estructurageneralizada\CGraphIterator2D.h(25): note: see declaration of 'CGraphImage2D'
     1>d:\study\ucsp\seminario-tesis-vs\estructurageneralizada\estructurageneralizada\CGraphIterator2D.h(186): error C2227: left of '->get_pixel' must point to class/struct/union/generic type
     1>d:\study\ucsp\seminario-tesis-vs\estructurageneralizada\estructurageneralizada\CGraphIterator2D.h(192): error C2027: use of undefined type 'CGraphImage2D'
         d:\study\ucsp\seminario-tesis-vs\estructurageneralizada\estructurageneralizada\CGraphIterator2D.h(25): note: see declaration of 'CGraphImage2D'
     1>d:\study\ucsp\seminario-tesis-vs\estructurageneralizada\estructurageneralizada\CGraphIterator2D.h(192): error C2227: left of '->m_labeled_matriz' must point to class/struct/union/generic type
     1>d:\study\ucsp\seminario-tesis-vs\estructurageneralizada\estructurageneralizada\CGraphIterator2D.h(192): error C2228: left of '.m_area' must have class/struct/union
     1>d:\study\ucsp\seminario-tesis-vs\estructurageneralizada\estructurageneralizada\CGraphIterator2D.h(198): error C2027: use of undefined type 'CGraphImage2D'
         d:\study\ucsp\seminario-tesis-vs\estructurageneralizada\estructurageneralizada\CGraphIterator2D.h(25): note: see declaration of 'CGraphImage2D'
     1>d:\study\ucsp\seminario-tesis-vs\estructurageneralizada\estructurageneralizada\CGraphIterator2D.h(198): error C2227: left of '->set_pixel' must point to class/struct/union/generic type
     1>d:\study\ucsp\seminario-tesis-vs\estructurageneralizada\estructurageneralizada\CGraphIteratorND.h(107): error C2027: use of undefined type 'CGraphMeshND'
         d:\study\ucsp\seminario-tesis-vs\estructurageneralizada\estructurageneralizada\CGraphIteratorND.h(17): note: see declaration of 'CGraphMeshND'
     1>d:\study\ucsp\seminario-tesis-vs\estructurageneralizada\estructurageneralizada\CGraphIteratorND.h(107): error C2227: left of '->m_nodes' must point to class/struct/union/generic type
     1>d:\study\ucsp\seminario-tesis-vs\estructurageneralizada\estructurageneralizada\CGraphIteratorND.h(112): error C2027: use of undefined type 'CGraphMeshND'
         d:\study\ucsp\seminario-tesis-vs\estructurageneralizada\estructurageneralizada\CGraphIteratorND.h(17): note: see declaration of 'CGraphMeshND'
     1>d:\study\ucsp\seminario-tesis-vs\estructurageneralizada\estructurageneralizada\CGraphIteratorND.h(112): error C2227: left of '->m_nodes' must point to class/struct/union/generic type
     1>d:\study\ucsp\seminario-tesis-vs\estructurageneralizada\estructurageneralizada\CGraphIteratorND.h(118): error C2027: use of undefined type 'CGraphMeshND'
         d:\study\ucsp\seminario-tesis-vs\estructurageneralizada\estructurageneralizada\CGraphIteratorND.h(17): note: see declaration of 'CGraphMeshND'
     1>d:\study\ucsp\seminario-tesis-vs\estructurageneralizada\estructurageneralizada\CGraphIteratorND.h(118): error C2227: left of '->m_nodes' must point to class/struct/union/generic type
     1>d:\study\ucsp\seminario-tesis-vs\estructurageneralizada\estructurageneralizada\CGraphIteratorND.h(118): error C2228: left of '.m_data' must have class/struct/union
     1>d:\study\ucsp\seminario-tesis-vs\estructurageneralizada\estructurageneralizada\CGraphIteratorND.h(123): error C2027: use of undefined type 'CGraphMeshND'
         d:\study\ucsp\seminario-tesis-vs\estructurageneralizada\estructurageneralizada\CGraphIteratorND.h(17): note: see declaration of 'CGraphMeshND'
     1>d:\study\ucsp\seminario-tesis-vs\estructurageneralizada\estructurageneralizada\CGraphIteratorND.h(123): error C2227: left of '->m_nodes' must point to class/struct/union/generic type
     1>d:\study\ucsp\seminario-tesis-vs\estructurageneralizada\estructurageneralizada\CGraphIteratorND.h(123): error C2065: 'iter': undeclared identifier
     1>d:\study\ucsp\seminario-tesis-vs\estructurageneralizada\estructurageneralizada\CGraphIteratorND.h(123): error C2228: left of '.m_index' must have class/struct/union
         d:\study\ucsp\seminario-tesis-vs\estructurageneralizada\estructurageneralizada\CGraphIteratorND.h(123): note: type is 'unknown-type'
     1>d:\study\ucsp\seminario-tesis-vs\estructurageneralizada\estructurageneralizada\CGraphIteratorND.h(123): error C2228: left of '.m_data' must have class/struct/union
     1>d:\study\ucsp\seminario-tesis-vs\estructurageneralizada\estructurageneralizada\CGraphIteratorND.h(128): error C2027: use of undefined type 'CGraphMeshND'
         d:\study\ucsp\seminario-tesis-vs\estructurageneralizada\estructurageneralizada\CGraphIteratorND.h(17): note: see declaration of 'CGraphMeshND'
     1>d:\study\ucsp\seminario-tesis-vs\estructurageneralizada\estructurageneralizada\CGraphIteratorND.h(128): error C2227: left of '->m_nodes' must point to class/struct/union/generic type
     1>d:\study\ucsp\seminario-tesis-vs\estructurageneralizada\estructurageneralizada\CGraphIteratorND.h(128): error C2228: left of '.m_area' must have class/struct/union
     1>d:\study\ucsp\seminario-tesis-vs\estructurageneralizada\estructurageneralizada\CGraphIteratorND.h(133): error C2027: use of undefined type 'CGraphMeshND'
         d:\study\ucsp\seminario-tesis-vs\estructurageneralizada\estructurageneralizada\CGraphIteratorND.h(17): note: see declaration of 'CGraphMeshND'
     1>d:\study\ucsp\seminario-tesis-vs\estructurageneralizada\estructurageneralizada\CGraphIteratorND.h(133): error C2227: left of '->m_size' must point to class/struct/union/generic type
     1>d:\study\ucsp\seminario-tesis-vs\estructurageneralizada\estructurageneralizada\CGraphIteratorND.h(144): error C2027: use of undefined type 'CGraphMeshND'
         d:\study\ucsp\seminario-tesis-vs\estructurageneralizada\estructurageneralizada\CGraphIteratorND.h(17): note: see declaration of 'CGraphMeshND'
     1>d:\study\ucsp\seminario-tesis-vs\estructurageneralizada\estructurageneralizada\CGraphIteratorND.h(144): error C2227: left of '->m_nodes' must point to class/struct/union/generic type
         d:\study\ucsp\seminario-tesis-vs\estructurageneralizada\estructurageneralizada\CGraphIteratorND.h(17): note: see declaration of 'CGraphMeshND'
     1>d:\study\ucsp\seminario-tesis-vs\estructurageneralizada\estructurageneralizada\CGraphIteratorND.h(144): error C2227: left of '->m_adj_list' must point to class/struct/union/generic type
     1>d:\study\ucsp\seminario-tesis-vs\estructurageneralizada\estructurageneralizada\CGraphIteratorND.h(151): error C2027: use of undefined type 'CGraphMeshND'
         d:\study\ucsp\seminario-tesis-vs\estructurageneralizada\estructurageneralizada\CGraphIteratorND.h(17): note: see declaration of 'CGraphMeshND'
     1>d:\study\ucsp\seminario-tesis-vs\estructurageneralizada\estructurageneralizada\CGraphIteratorND.h(151): error C2227: left of '->m_adj_list' must point to class/struct/union/generic type
     1>d:\study\ucsp\seminario-tesis-vs\estructurageneralizada\estructurageneralizada\CGraphMeshND.h(186): warning C4244: 'return': conversion from 'float' to 'int', possible loss of data
     1>d:\study\ucsp\seminario-tesis-vs\estructurageneralizada\estructurageneralizada\CGraphUtils.h(466): warning C4244: '=': conversion from 'double' to 'float', possible loss of data
     1>Done Building Project "D:\study\ucsp\seminario-tesis-vs\EstructuraGeneralizada\EstructuraGeneralizada\EstructuraGeneralizada.vcxproj" (Build target(s)) -- FAILED.

Build FAILED.

Time Elapsed 00:00:01.61
